<?xml version="1.0" encoding="UTF-8"?>
<!-- Generated by org.testng.reporters.JUnitReportReporter -->
<testsuite skipped="0" hostname="DESKTOP-VI7THKL" name="testcases.TC2_NewOpportunity" tests="1" failures="0" timestamp="2020-12-05T01:36:11 PST" time="42.298" errors="0">
  <testcase name="login" time="42.298" classname="testcases.TC2_NewOpportunity"/>
  <system-out/>
</testsuite> <!-- testcases.TC2_NewOpportunity -->
