<?xml version="1.0" encoding="UTF-8"?>
<!-- Generated by org.testng.reporters.JUnitReportReporter -->
<testsuite skipped="0" hostname="DESKTOP-VI7THKL" name="testcases.TC4_CreateTask" tests="1" failures="0" timestamp="2020-12-05T03:21:14 PST" time="39.914" errors="0">
  <testcase name="login" time="39.914" classname="testcases.TC4_CreateTask"/>
  <system-out/>
</testsuite> <!-- testcases.TC4_CreateTask -->
