<?xml version="1.0" encoding="UTF-8"?>
<!-- Generated by org.testng.reporters.JUnitReportReporter -->
<testsuite skipped="0" hostname="DESKTOP-VI7THKL" name="testcases.TC5_CaseWithoutMandatory" tests="1" failures="0" timestamp="2020-12-05T03:38:05 PST" time="46.683" errors="0">
  <testcase name="login" time="46.683" classname="testcases.TC5_CaseWithoutMandatory"/>
  <system-out/>
</testsuite> <!-- testcases.TC5_CaseWithoutMandatory -->
